<?xml version="1.0" encoding="UTF-8"?>
<testsuites>
  <testsuite name="BackstopJS" tests="1" failures="0" errors="0" skipped="0">
    <testcase classname="document" name=" ›› Integration | Component | nucleus-icon | it passes visual regression tests | assert0"/>
  </testsuite>
  <testsuite name="BackstopJS" tests="1" failures="0" errors="0" skipped="0">
    <testcase classname="document" name=" ›› Integration | Component | nucleus-button | buttons pass visual regression tests | assert0"/>
  </testsuite>
  <testsuite name="BackstopJS" tests="1" failures="0" errors="0" skipped="0">
    <testcase classname="document" name=" ›› Integration | Component | nucleus-button | hovered buttons pass visual regression tests | assert0"/>
  </testsuite>
  <testsuite name="BackstopJS" tests="1" failures="0" errors="0" skipped="0">
    <testcase classname="document" name=" ›› Integration | Component | nucleus-button | clicked buttons pass visual regression tests | assert0"/>
  </testsuite>
  <testsuite name="BackstopJS" tests="1" failures="0" errors="0" skipped="0">
    <testcase classname="document" name=" ›› Integration | Component | nucleus-inline-banner | it passes visual regression tests | assert0"/>
  </testsuite>
  <testsuite name="BackstopJS" tests="1" failures="0" errors="0" skipped="0">
    <testcase classname="document" name=" ›› Integration | Component | nucleus-banner | normal banner passes visual regression tests | assert0"/>
  </testsuite>
  <testsuite name="BackstopJS" tests="1" failures="0" errors="0" skipped="0">
    <testcase classname="document" name=" ›› Integration | Component | nucleus-toast-message | it passes visual regression tests | assert0"/>
  </testsuite>
  <testsuite name="BackstopJS" tests="1" failures="0" errors="0" skipped="0">
    <testcase classname="document" name=" ›› Integration | Component | nucleus-banner | banner with link passes visual regression tests | assert0"/>
  </testsuite>
  <testsuite name="BackstopJS" tests="1" failures="0" errors="0" skipped="0">
    <testcase classname="document" name=" ›› Integration | Component | nucleus-modal | visual regression for modal | assert0"/>
  </testsuite>
  <testsuite name="BackstopJS" tests="1" failures="0" errors="0" skipped="0">
    <testcase classname="document" name=" ›› Integration | Component | nucleus-modal | visual regression for normal confirm dialog | assert0"/>
  </testsuite>
  <testsuite name="BackstopJS" tests="1" failures="0" errors="0" skipped="0">
    <testcase classname="document" name=" ›› Integration | Component | nucleus-modal | visual regression for slider | assert0"/>
  </testsuite>
  <testsuite name="BackstopJS" tests="1" failures="0" errors="0" skipped="0">
    <testcase classname="document" name=" ›› Integration | Component | nucleus-modal | visual regression for large confirm dialog | assert0"/>
  </testsuite>
</testsuites>